  main.cpp
C:\Users\user1\Desktop\הגשות c++\Set\Set\Set.h(16,16): error C2143: syntax error: missing ';' before '&'
C:\Users\user1\Desktop\הגשות c++\Set\Set\Set.h(16,16): error C2433: 'ostream': 'friend' not permitted on data declarations
C:\Users\user1\Desktop\הגשות c++\Set\Set\Set.h(16,16): error C4430: missing type specifier - int assumed. Note: C++ does not support default-int
C:\Users\user1\Desktop\הגשות c++\Set\Set\Set.h(16,49): error C2238: unexpected token(s) preceding ';'
C:\Users\user1\Desktop\הגשות c++\Set\Set\main.cpp(7,13): warning C4326: return type of 'main' should be 'int' instead of 'void'
C:\Users\user1\Desktop\הגשות c++\Set\Set\main.cpp(10,7): error C2679: binary '<<': no operator found which takes a right-hand operand of type 'Set' (or there is no acceptable conversion)
C:\Program Files\Microsoft Visual Studio\2022\Enterprise\VC\Tools\MSVC\14.36.32532\include\ostream(475,39): message : could be 'std::basic_ostream<char,std::char_traits<char>> &std::basic_ostream<char,std::char_traits<char>>::operator <<(std::basic_streambuf<char,std::char_traits<char>> *)'
C:\Program Files\Microsoft Visual Studio\2022\Enterprise\VC\Tools\MSVC\14.36.32532\include\ostream(443,39): message : or       'std::basic_ostream<char,std::char_traits<char>> &std::basic_ostream<char,std::char_traits<char>>::operator <<(const void *)'
C:\Program Files\Microsoft Visual Studio\2022\Enterprise\VC\Tools\MSVC\14.36.32532\include\ostream(425,39): message : or       'std::basic_ostream<char,std::char_traits<char>> &std::basic_ostream<char,std::char_traits<char>>::operator <<(long double)'
C:\Program Files\Microsoft Visual Studio\2022\Enterprise\VC\Tools\MSVC\14.36.32532\include\ostream(407,39): message : or       'std::basic_ostream<char,std::char_traits<char>> &std::basic_ostream<char,std::char_traits<char>>::operator <<(double)'
C:\Program Files\Microsoft Visual Studio\2022\Enterprise\VC\Tools\MSVC\14.36.32532\include\ostream(389,39): message : or       'std::basic_ostream<char,std::char_traits<char>> &std::basic_ostream<char,std::char_traits<char>>::operator <<(float)'
C:\Program Files\Microsoft Visual Studio\2022\Enterprise\VC\Tools\MSVC\14.36.32532\include\ostream(371,39): message : or       'std::basic_ostream<char,std::char_traits<char>> &std::basic_ostream<char,std::char_traits<char>>::operator <<(unsigned __int64)'
C:\Program Files\Microsoft Visual Studio\2022\Enterprise\VC\Tools\MSVC\14.36.32532\include\ostream(353,39): message : or       'std::basic_ostream<char,std::char_traits<char>> &std::basic_ostream<char,std::char_traits<char>>::operator <<(__int64)'
C:\Program Files\Microsoft Visual Studio\2022\Enterprise\VC\Tools\MSVC\14.36.32532\include\ostream(335,39): message : or       'std::basic_ostream<char,std::char_traits<char>> &std::basic_ostream<char,std::char_traits<char>>::operator <<(unsigned long)'
C:\Program Files\Microsoft Visual Studio\2022\Enterprise\VC\Tools\MSVC\14.36.32532\include\ostream(317,39): message : or       'std::basic_ostream<char,std::char_traits<char>> &std::basic_ostream<char,std::char_traits<char>>::operator <<(long)'
C:\Program Files\Microsoft Visual Studio\2022\Enterprise\VC\Tools\MSVC\14.36.32532\include\ostream(298,39): message : or       'std::basic_ostream<char,std::char_traits<char>> &std::basic_ostream<char,std::char_traits<char>>::operator <<(unsigned int)'
C:\Program Files\Microsoft Visual Studio\2022\Enterprise\VC\Tools\MSVC\14.36.32532\include\ostream(272,39): message : or       'std::basic_ostream<char,std::char_traits<char>> &std::basic_ostream<char,std::char_traits<char>>::operator <<(int)'
C:\Program Files\Microsoft Visual Studio\2022\Enterprise\VC\Tools\MSVC\14.36.32532\include\ostream(253,39): message : or       'std::basic_ostream<char,std::char_traits<char>> &std::basic_ostream<char,std::char_traits<char>>::operator <<(unsigned short)'
C:\Program Files\Microsoft Visual Studio\2022\Enterprise\VC\Tools\MSVC\14.36.32532\include\ostream(219,39): message : or       'std::basic_ostream<char,std::char_traits<char>> &std::basic_ostream<char,std::char_traits<char>>::operator <<(short)'
C:\Program Files\Microsoft Visual Studio\2022\Enterprise\VC\Tools\MSVC\14.36.32532\include\ostream(201,39): message : or       'std::basic_ostream<char,std::char_traits<char>> &std::basic_ostream<char,std::char_traits<char>>::operator <<(bool)'
C:\Program Files\Microsoft Visual Studio\2022\Enterprise\VC\Tools\MSVC\14.36.32532\include\ostream(195,39): message : or       'std::basic_ostream<char,std::char_traits<char>> &std::basic_ostream<char,std::char_traits<char>>::operator <<(std::ios_base &(__cdecl *)(std::ios_base &))'
C:\Program Files\Microsoft Visual Studio\2022\Enterprise\VC\Tools\MSVC\14.36.32532\include\ostream(189,39): message : or       'std::basic_ostream<char,std::char_traits<char>> &std::basic_ostream<char,std::char_traits<char>>::operator <<(std::basic_ios<char,std::char_traits<char>> &(__cdecl *)(std::basic_ios<char,std::char_traits<char>> &))'
C:\Program Files\Microsoft Visual Studio\2022\Enterprise\VC\Tools\MSVC\14.36.32532\include\ostream(184,39): message : or       'std::basic_ostream<char,std::char_traits<char>> &std::basic_ostream<char,std::char_traits<char>>::operator <<(std::basic_ostream<char,std::char_traits<char>> &(__cdecl *)(std::basic_ostream<char,std::char_traits<char>> &))'
C:\Program Files\Microsoft Visual Studio\2022\Enterprise\VC\Tools\MSVC\14.36.32532\include\ostream(1075,32): message : or       'std::basic_ostream<_Elem,_Traits> &std::operator <<(std::basic_ostream<_Elem,_Traits> &,const std::error_code &)'
C:\Users\user1\Desktop\הגשות c++\Set\Set\main.cpp(10,31): message : 'initializing': cannot convert from 'Set' to 'const std::error_code &'
C:\Users\user1\Desktop\הגשות c++\Set\Set\main.cpp(10,31): message : Reason: cannot convert from 'Set' to 'const std::error_code'
C:\Users\user1\Desktop\הגשות c++\Set\Set\main.cpp(10,31): message : No user-defined-conversion operator available that can perform this conversion, or the operator cannot be called
C:\Program Files\Microsoft Visual Studio\2022\Enterprise\VC\Tools\MSVC\14.36.32532\include\ostream(998,9): message : or       '_Ostr &&std::operator <<(_Ostr &&,const _Ty &)'
C:\Users\user1\Desktop\הגשות c++\Set\Set\main.cpp(10): message : '_Ostr &&std::operator <<(_Ostr &&,const _Ty &)': could not deduce template argument for '__formal'
C:\Program Files\Microsoft Visual Studio\2022\Enterprise\VC\Tools\MSVC\14.36.32532\include\ostream(940,31): message : or       'std::basic_ostream<char,_Traits> &std::operator <<(std::basic_ostream<char,_Traits> &,unsigned char)'
C:\Users\user1\Desktop\הגשות c++\Set\Set\main.cpp(10,31): message : 'initializing': cannot convert from 'Set' to 'unsigned char'
C:\Users\user1\Desktop\הגשות c++\Set\Set\main.cpp(10,31): message : No user-defined-conversion operator available that can perform this conversion, or the operator cannot be called
C:\Program Files\Microsoft Visual Studio\2022\Enterprise\VC\Tools\MSVC\14.36.32532\include\ostream(934,31): message : or       'std::basic_ostream<char,_Traits> &std::operator <<(std::basic_ostream<char,_Traits> &,const unsigned char *)'
C:\Users\user1\Desktop\הגשות c++\Set\Set\main.cpp(10,31): message : 'initializing': cannot convert from 'Set' to 'const unsigned char *'
C:\Users\user1\Desktop\הגשות c++\Set\Set\main.cpp(10,31): message : No user-defined-conversion operator available that can perform this conversion, or the operator cannot be called
C:\Program Files\Microsoft Visual Studio\2022\Enterprise\VC\Tools\MSVC\14.36.32532\include\ostream(929,31): message : or       'std::basic_ostream<char,_Traits> &std::operator <<(std::basic_ostream<char,_Traits> &,signed char)'
C:\Users\user1\Desktop\הגשות c++\Set\Set\main.cpp(10,31): message : 'initializing': cannot convert from 'Set' to 'signed char'
C:\Users\user1\Desktop\הגשות c++\Set\Set\main.cpp(10,31): message : No user-defined-conversion operator available that can perform this conversion, or the operator cannot be called
C:\Program Files\Microsoft Visual Studio\2022\Enterprise\VC\Tools\MSVC\14.36.32532\include\ostream(923,31): message : or       'std::basic_ostream<char,_Traits> &std::operator <<(std::basic_ostream<char,_Traits> &,const signed char *)'
C:\Users\user1\Desktop\הגשות c++\Set\Set\main.cpp(10,31): message : 'initializing': cannot convert from 'Set' to 'const signed char *'
C:\Users\user1\Desktop\הגשות c++\Set\Set\main.cpp(10,31): message : No user-defined-conversion operator available that can perform this conversion, or the operator cannot be called
C:\Program Files\Microsoft Visual Studio\2022\Enterprise\VC\Tools\MSVC\14.36.32532\include\ostream(887,32): message : or       'std::basic_ostream<_Elem,_Traits> &std::operator <<(std::basic_ostream<_Elem,_Traits> &,_Elem)'
C:\Users\user1\Desktop\הגשות c++\Set\Set\main.cpp(10,7): message : 'std::basic_ostream<_Elem,_Traits> &std::operator <<(std::basic_ostream<_Elem,_Traits> &,_Elem)': template parameter '_Elem' is ambiguous
C:\Users\user1\Desktop\הגשות c++\Set\Set\main.cpp(10,7): message : could be 'Set'
C:\Users\user1\Desktop\הגשות c++\Set\Set\main.cpp(10,7): message : or       'char'
C:\Users\user1\Desktop\הגשות c++\Set\Set\main.cpp(10,7): message : 'std::basic_ostream<_Elem,_Traits> &std::operator <<(std::basic_ostream<_Elem,_Traits> &,_Elem)': could not deduce template argument for '_Elem' from 'Set'
C:\Program Files\Microsoft Visual Studio\2022\Enterprise\VC\Tools\MSVC\14.36.32532\include\ostream(844,32): message : or       'std::basic_ostream<_Elem,_Traits> &std::operator <<(std::basic_ostream<_Elem,_Traits> &,const _Elem *)'
C:\Users\user1\Desktop\הגשות c++\Set\Set\main.cpp(10,7): message : 'std::basic_ostream<_Elem,_Traits> &std::operator <<(std::basic_ostream<_Elem,_Traits> &,const _Elem *)': could not deduce template argument for 'const _Elem *' from 'Set'
C:\Program Files\Microsoft Visual Studio\2022\Enterprise\VC\Tools\MSVC\14.36.32532\include\ostream(806,31): message : or       'std::basic_ostream<char,_Traits> &std::operator <<(std::basic_ostream<char,_Traits> &,char)'
C:\Users\user1\Desktop\הגשות c++\Set\Set\main.cpp(10,31): message : 'initializing': cannot convert from 'Set' to 'char'
C:\Users\user1\Desktop\הגשות c++\Set\Set\main.cpp(10,31): message : No user-defined-conversion operator available that can perform this conversion, or the operator cannot be called
C:\Program Files\Microsoft Visual Studio\2022\Enterprise\VC\Tools\MSVC\14.36.32532\include\ostream(761,31): message : or       'std::basic_ostream<char,_Traits> &std::operator <<(std::basic_ostream<char,_Traits> &,const char *)'
C:\Users\user1\Desktop\הגשות c++\Set\Set\main.cpp(10,31): message : 'initializing': cannot convert from 'Set' to 'const char *'
C:\Users\user1\Desktop\הגשות c++\Set\Set\main.cpp(10,31): message : No user-defined-conversion operator available that can perform this conversion, or the operator cannot be called
C:\Program Files\Microsoft Visual Studio\2022\Enterprise\VC\Tools\MSVC\14.36.32532\include\ostream(725,32): message : or       'std::basic_ostream<_Elem,_Traits> &std::operator <<(std::basic_ostream<_Elem,_Traits> &,char)'
C:\Users\user1\Desktop\הגשות c++\Set\Set\main.cpp(10,31): message : 'initializing': cannot convert from 'Set' to 'char'
C:\Users\user1\Desktop\הגשות c++\Set\Set\main.cpp(10,31): message : No user-defined-conversion operator available that can perform this conversion, or the operator cannot be called
C:\Program Files\Microsoft Visual Studio\2022\Enterprise\VC\Tools\MSVC\14.36.32532\include\ostream(681,32): message : or       'std::basic_ostream<_Elem,_Traits> &std::operator <<(std::basic_ostream<_Elem,_Traits> &,const char *)'
C:\Users\user1\Desktop\הגשות c++\Set\Set\main.cpp(10,31): message : 'initializing': cannot convert from 'Set' to 'const char *'
C:\Users\user1\Desktop\הגשות c++\Set\Set\main.cpp(10,31): message : No user-defined-conversion operator available that can perform this conversion, or the operator cannot be called
C:\Program Files\Microsoft Visual Studio\2022\Enterprise\VC\Tools\MSVC\14.36.32532\include\memory(3629,32): message : or       'std::basic_ostream<_Elem,_Traits> &std::operator <<(std::basic_ostream<_Elem,_Traits> &,const std::unique_ptr<_Ty2,_Dx2> &)'
C:\Users\user1\Desktop\הגשות c++\Set\Set\main.cpp(10,7): message : 'std::basic_ostream<_Elem,_Traits> &std::operator <<(std::basic_ostream<_Elem,_Traits> &,const std::unique_ptr<_Ty2,_Dx2> &)': could not deduce template argument for 'const std::unique_ptr<_Ty2,_Dx2> &' from 'Set'
C:\Program Files\Microsoft Visual Studio\2022\Enterprise\VC\Tools\MSVC\14.36.32532\include\memory(1976,32): message : or       'std::basic_ostream<_Elem,_Traits> &std::operator <<(std::basic_ostream<_Elem,_Traits> &,const std::shared_ptr<_Ty> &)'
C:\Users\user1\Desktop\הגשות c++\Set\Set\main.cpp(10,7): message : 'std::basic_ostream<_Elem,_Traits> &std::operator <<(std::basic_ostream<_Elem,_Traits> &,const std::shared_ptr<_Ty> &)': could not deduce template argument for 'const std::shared_ptr<_Ty> &' from 'Set'
C:\Program Files\Microsoft Visual Studio\2022\Enterprise\VC\Tools\MSVC\14.36.32532\include\xstring(5221,32): message : or       'std::basic_ostream<_Elem,_Traits> &std::operator <<(std::basic_ostream<_Elem,_Traits> &,const std::basic_string<_Elem,_Traits,_Alloc> &)'
C:\Users\user1\Desktop\הגשות c++\Set\Set\main.cpp(10,7): message : 'std::basic_ostream<_Elem,_Traits> &std::operator <<(std::basic_ostream<_Elem,_Traits> &,const std::basic_string<_Elem,_Traits,_Alloc> &)': could not deduce template argument for 'const std::basic_string<_Elem,_Traits,_Alloc> &' from 'Set'
C:\Users\user1\Desktop\הגשות c++\Set\Set\main.cpp(10,7): message : while trying to match the argument list '(std::basic_ostream<char,std::char_traits<char>>, Set)'
  Set.cpp
C:\Users\user1\Desktop\הגשות c++\Set\Set\Set.h(16,16): error C2143: syntax error: missing ';' before '&'
C:\Users\user1\Desktop\הגשות c++\Set\Set\Set.h(16,16): error C2433: 'ostream': 'friend' not permitted on data declarations
C:\Users\user1\Desktop\הגשות c++\Set\Set\Set.h(16,16): error C4430: missing type specifier - int assumed. Note: C++ does not support default-int
C:\Users\user1\Desktop\הגשות c++\Set\Set\Set.h(16,49): error C2238: unexpected token(s) preceding ';'
C:\Users\user1\Desktop\הגשות c++\Set\Set\Set.cpp(55,11): error C2382: 'Set::operator =': redefinition; different exception specifications
C:\Users\user1\Desktop\הגשות c++\Set\Set\Set.h(15,7): message : see declaration of 'Set::operator ='
C:\Users\user1\Desktop\הגשות c++\Set\Set\Set.cpp(66,8): error C2872: 'ostream': ambiguous symbol
C:\Users\user1\Desktop\הגשות c++\Set\Set\Set.h(16,9): message : could be 'int ostream'
C:\Program Files\Microsoft Visual Studio\2022\Enterprise\VC\Tools\MSVC\14.36.32532\include\iosfwd(238,19): message : or       'std::ostream'
C:\Users\user1\Desktop\הגשות c++\Set\Set\Set.cpp(66,8): error C2143: syntax error: missing ';' before '&'
C:\Users\user1\Desktop\הגשות c++\Set\Set\Set.cpp(66,8): error C4430: missing type specifier - int assumed. Note: C++ does not support default-int
C:\Users\user1\Desktop\הגשות c++\Set\Set\Set.cpp(66,1): error C2086: 'int ostream': redefinition
C:\Users\user1\Desktop\הגשות c++\Set\Set\Set.h(16,9): message : see declaration of 'ostream'
C:\Users\user1\Desktop\הגשות c++\Set\Set\Set.cpp(66,28): error C2872: 'ostream': ambiguous symbol
C:\Users\user1\Desktop\הגשות c++\Set\Set\Set.h(16,9): message : could be 'int ostream'
C:\Program Files\Microsoft Visual Studio\2022\Enterprise\VC\Tools\MSVC\14.36.32532\include\iosfwd(238,19): message : or       'std::ostream'
C:\Users\user1\Desktop\הגשות c++\Set\Set\Set.cpp(66,28): error C2473: 'operator <<': looks like a function definition, but there is no parameter list.
C:\Users\user1\Desktop\הגשות c++\Set\Set\Set.cpp(66,28): error C4430: missing type specifier - int assumed. Note: C++ does not support default-int
C:\Users\user1\Desktop\הגשות c++\Set\Set\Set.cpp(66,30): error C2065: 'os': undeclared identifier
C:\Users\user1\Desktop\הגשות c++\Set\Set\Set.cpp(66,34): error C2275: 'Set': expected an expression instead of a type
C:\Users\user1\Desktop\הגשות c++\Set\Set\Set.cpp(66,38): error C2146: syntax error: missing ')' before identifier 's'
C:\Users\user1\Desktop\הגשות c++\Set\Set\Set.cpp(66,41): error C2143: syntax error: missing ';' before '{'
C:\Users\user1\Desktop\הגשות c++\Set\Set\Set.cpp(66,41): error C2447: '{': missing function header (old-style formal list?)
  Generating Code...
