  Set.cpp
C:\Users\USER\Desktop\setPorject\setPorject\Set.h(15,16): error C2143: syntax error: missing ';' before '&'
C:\Users\USER\Desktop\setPorject\setPorject\Set.h(15,9): error C2433: 'ostream': 'friend' not permitted on data declarations
C:\Users\USER\Desktop\setPorject\setPorject\Set.h(15,16): error C4430: missing type specifier - int assumed. Note: C++ does not support default-int
C:\Users\USER\Desktop\setPorject\setPorject\Set.h(15,47): error C2238: unexpected token(s) preceding ';'
C:\Users\USER\Desktop\setPorject\setPorject\Set.cpp(52,1): error C2872: 'ostream': ambiguous symbol
C:\Users\USER\Desktop\setPorject\setPorject\Set.h(15,9): message : could be 'int ostream'
C:\Program Files\Microsoft Visual Studio\2022\Community\VC\Tools\MSVC\14.37.32822\include\iosfwd(238,19): message : or       'std::ostream'
C:\Users\USER\Desktop\setPorject\setPorject\Set.cpp(52,8): error C2143: syntax error: missing ';' before '&'
C:\Users\USER\Desktop\setPorject\setPorject\Set.cpp(52,8): error C4430: missing type specifier - int assumed. Note: C++ does not support default-int
C:\Users\USER\Desktop\setPorject\setPorject\Set.cpp(52,1): error C2086: 'int ostream': redefinition
C:\Users\USER\Desktop\setPorject\setPorject\Set.h(15,9): message : see declaration of 'ostream'
C:\Users\USER\Desktop\setPorject\setPorject\Set.cpp(52,21): error C2872: 'ostream': ambiguous symbol
C:\Users\USER\Desktop\setPorject\setPorject\Set.h(15,9): message : could be 'int ostream'
C:\Program Files\Microsoft Visual Studio\2022\Community\VC\Tools\MSVC\14.37.32822\include\iosfwd(238,19): message : or       'std::ostream'
C:\Users\USER\Desktop\setPorject\setPorject\Set.cpp(52,10): error C2473: 'operator <<': looks like a function definition, but there is no parameter list.
C:\Users\USER\Desktop\setPorject\setPorject\Set.cpp(52,28): error C4430: missing type specifier - int assumed. Note: C++ does not support default-int
C:\Users\USER\Desktop\setPorject\setPorject\Set.cpp(52,30): error C2065: 'os': undeclared identifier
C:\Users\USER\Desktop\setPorject\setPorject\Set.cpp(52,34): error C2275: 'Set': expected an expression instead of a type
C:\Users\USER\Desktop\setPorject\setPorject\Set.cpp(52,38): error C2146: syntax error: missing ')' before identifier 's'
C:\Users\USER\Desktop\setPorject\setPorject\Set.cpp(52,41): error C2143: syntax error: missing ';' before '{'
C:\Users\USER\Desktop\setPorject\setPorject\Set.cpp(52,41): error C2447: '{': missing function header (old-style formal list?)
C:\Users\USER\Desktop\setPorject\setPorject\Set.cpp(147,1): error C2143: syntax error: missing ';' before '}'
  setProject.cpp
C:\Users\USER\Desktop\setPorject\setPorject\Set.h(15,16): error C2143: syntax error: missing ';' before '&'
C:\Users\USER\Desktop\setPorject\setPorject\Set.h(15,9): error C2433: 'ostream': 'friend' not permitted on data declarations
C:\Users\USER\Desktop\setPorject\setPorject\Set.h(15,16): error C4430: missing type specifier - int assumed. Note: C++ does not support default-int
C:\Users\USER\Desktop\setPorject\setPorject\Set.h(15,47): error C2238: unexpected token(s) preceding ';'
C:\Users\USER\Desktop\setPorject\setPorject\setProject.cpp(7,13): warning C4326: return type of 'main' should be 'int' instead of 'void'
C:\Users\USER\Desktop\setPorject\setPorject\setProject.cpp(10,7): error C2679: binary '<<': no operator found which takes a right-hand operand of type 'Set' (or there is no acceptable conversion)
C:\Program Files\Microsoft Visual Studio\2022\Community\VC\Tools\MSVC\14.37.32822\include\ostream(481,39): message : could be 'std::basic_ostream<char,std::char_traits<char>> &std::basic_ostream<char,std::char_traits<char>>::operator <<(std::basic_streambuf<char,std::char_traits<char>> *)'
C:\Program Files\Microsoft Visual Studio\2022\Community\VC\Tools\MSVC\14.37.32822\include\ostream(449,39): message : or       'std::basic_ostream<char,std::char_traits<char>> &std::basic_ostream<char,std::char_traits<char>>::operator <<(const void *)'
C:\Program Files\Microsoft Visual Studio\2022\Community\VC\Tools\MSVC\14.37.32822\include\ostream(431,39): message : or       'std::basic_ostream<char,std::char_traits<char>> &std::basic_ostream<char,std::char_traits<char>>::operator <<(long double)'
C:\Program Files\Microsoft Visual Studio\2022\Community\VC\Tools\MSVC\14.37.32822\include\ostream(413,39): message : or       'std::basic_ostream<char,std::char_traits<char>> &std::basic_ostream<char,std::char_traits<char>>::operator <<(double)'
C:\Program Files\Microsoft Visual Studio\2022\Community\VC\Tools\MSVC\14.37.32822\include\ostream(395,39): message : or       'std::basic_ostream<char,std::char_traits<char>> &std::basic_ostream<char,std::char_traits<char>>::operator <<(float)'
C:\Program Files\Microsoft Visual Studio\2022\Community\VC\Tools\MSVC\14.37.32822\include\ostream(377,39): message : or       'std::basic_ostream<char,std::char_traits<char>> &std::basic_ostream<char,std::char_traits<char>>::operator <<(unsigned __int64)'
C:\Program Files\Microsoft Visual Studio\2022\Community\VC\Tools\MSVC\14.37.32822\include\ostream(359,39): message : or       'std::basic_ostream<char,std::char_traits<char>> &std::basic_ostream<char,std::char_traits<char>>::operator <<(__int64)'
C:\Program Files\Microsoft Visual Studio\2022\Community\VC\Tools\MSVC\14.37.32822\include\ostream(341,39): message : or       'std::basic_ostream<char,std::char_traits<char>> &std::basic_ostream<char,std::char_traits<char>>::operator <<(unsigned long)'
C:\Program Files\Microsoft Visual Studio\2022\Community\VC\Tools\MSVC\14.37.32822\include\ostream(323,39): message : or       'std::basic_ostream<char,std::char_traits<char>> &std::basic_ostream<char,std::char_traits<char>>::operator <<(long)'
C:\Program Files\Microsoft Visual Studio\2022\Community\VC\Tools\MSVC\14.37.32822\include\ostream(304,39): message : or       'std::basic_ostream<char,std::char_traits<char>> &std::basic_ostream<char,std::char_traits<char>>::operator <<(unsigned int)'
C:\Program Files\Microsoft Visual Studio\2022\Community\VC\Tools\MSVC\14.37.32822\include\ostream(278,39): message : or       'std::basic_ostream<char,std::char_traits<char>> &std::basic_ostream<char,std::char_traits<char>>::operator <<(int)'
C:\Program Files\Microsoft Visual Studio\2022\Community\VC\Tools\MSVC\14.37.32822\include\ostream(259,39): message : or       'std::basic_ostream<char,std::char_traits<char>> &std::basic_ostream<char,std::char_traits<char>>::operator <<(unsigned short)'
C:\Program Files\Microsoft Visual Studio\2022\Community\VC\Tools\MSVC\14.37.32822\include\ostream(225,39): message : or       'std::basic_ostream<char,std::char_traits<char>> &std::basic_ostream<char,std::char_traits<char>>::operator <<(short)'
C:\Program Files\Microsoft Visual Studio\2022\Community\VC\Tools\MSVC\14.37.32822\include\ostream(207,39): message : or       'std::basic_ostream<char,std::char_traits<char>> &std::basic_ostream<char,std::char_traits<char>>::operator <<(bool)'
C:\Program Files\Microsoft Visual Studio\2022\Community\VC\Tools\MSVC\14.37.32822\include\ostream(201,39): message : or       'std::basic_ostream<char,std::char_traits<char>> &std::basic_ostream<char,std::char_traits<char>>::operator <<(std::ios_base &(__cdecl *)(std::ios_base &))'
C:\Program Files\Microsoft Visual Studio\2022\Community\VC\Tools\MSVC\14.37.32822\include\ostream(195,39): message : or       'std::basic_ostream<char,std::char_traits<char>> &std::basic_ostream<char,std::char_traits<char>>::operator <<(std::basic_ios<char,std::char_traits<char>> &(__cdecl *)(std::basic_ios<char,std::char_traits<char>> &))'
C:\Program Files\Microsoft Visual Studio\2022\Community\VC\Tools\MSVC\14.37.32822\include\ostream(190,39): message : or       'std::basic_ostream<char,std::char_traits<char>> &std::basic_ostream<char,std::char_traits<char>>::operator <<(std::basic_ostream<char,std::char_traits<char>> &(__cdecl *)(std::basic_ostream<char,std::char_traits<char>> &))'
C:\Program Files\Microsoft Visual Studio\2022\Community\VC\Tools\MSVC\14.37.32822\include\ostream(1081,32): message : or       'std::basic_ostream<_Elem,_Traits> &std::operator <<(std::basic_ostream<_Elem,_Traits> &,const std::error_code &)'
C:\Users\USER\Desktop\setPorject\setPorject\setProject.cpp(10,22): message : 'initializing': cannot convert from 'Set' to 'const std::error_code &'
C:\Users\USER\Desktop\setPorject\setPorject\setProject.cpp(10,22): message : Reason: cannot convert from 'Set' to 'const std::error_code'
C:\Users\USER\Desktop\setPorject\setPorject\setProject.cpp(10,22): message : No user-defined-conversion operator available that can perform this conversion, or the operator cannot be called
C:\Program Files\Microsoft Visual Studio\2022\Community\VC\Tools\MSVC\14.37.32822\include\ostream(1004,9): message : or       '_Ostr &&std::operator <<(_Ostr &&,const _Ty &)'
C:\Users\USER\Desktop\setPorject\setPorject\setProject.cpp(10,7): message : '_Ostr &&std::operator <<(_Ostr &&,const _Ty &)': could not deduce template argument for '__formal'
C:\Program Files\Microsoft Visual Studio\2022\Community\VC\Tools\MSVC\14.37.32822\include\ostream(946,31): message : or       'std::basic_ostream<char,_Traits> &std::operator <<(std::basic_ostream<char,_Traits> &,unsigned char)'
C:\Users\USER\Desktop\setPorject\setPorject\setProject.cpp(10,22): message : 'initializing': cannot convert from 'Set' to 'unsigned char'
C:\Users\USER\Desktop\setPorject\setPorject\setProject.cpp(10,22): message : No user-defined-conversion operator available that can perform this conversion, or the operator cannot be called
C:\Program Files\Microsoft Visual Studio\2022\Community\VC\Tools\MSVC\14.37.32822\include\ostream(940,31): message : or       'std::basic_ostream<char,_Traits> &std::operator <<(std::basic_ostream<char,_Traits> &,const unsigned char *)'
C:\Users\USER\Desktop\setPorject\setPorject\setProject.cpp(10,22): message : 'initializing': cannot convert from 'Set' to 'const unsigned char *'
C:\Users\USER\Desktop\setPorject\setPorject\setProject.cpp(10,22): message : No user-defined-conversion operator available that can perform this conversion, or the operator cannot be called
C:\Program Files\Microsoft Visual Studio\2022\Community\VC\Tools\MSVC\14.37.32822\include\ostream(935,31): message : or       'std::basic_ostream<char,_Traits> &std::operator <<(std::basic_ostream<char,_Traits> &,signed char)'
C:\Users\USER\Desktop\setPorject\setPorject\setProject.cpp(10,22): message : 'initializing': cannot convert from 'Set' to 'signed char'
C:\Users\USER\Desktop\setPorject\setPorject\setProject.cpp(10,22): message : No user-defined-conversion operator available that can perform this conversion, or the operator cannot be called
C:\Program Files\Microsoft Visual Studio\2022\Community\VC\Tools\MSVC\14.37.32822\include\ostream(929,31): message : or       'std::basic_ostream<char,_Traits> &std::operator <<(std::basic_ostream<char,_Traits> &,const signed char *)'
C:\Users\USER\Desktop\setPorject\setPorject\setProject.cpp(10,22): message : 'initializing': cannot convert from 'Set' to 'const signed char *'
C:\Users\USER\Desktop\setPorject\setPorject\setProject.cpp(10,22): message : No user-defined-conversion operator available that can perform this conversion, or the operator cannot be called
C:\Program Files\Microsoft Visual Studio\2022\Community\VC\Tools\MSVC\14.37.32822\include\ostream(893,32): message : or       'std::basic_ostream<_Elem,_Traits> &std::operator <<(std::basic_ostream<_Elem,_Traits> &,_Elem)'
C:\Users\USER\Desktop\setPorject\setPorject\setProject.cpp(10,7): message : 'std::basic_ostream<_Elem,_Traits> &std::operator <<(std::basic_ostream<_Elem,_Traits> &,_Elem)': template parameter '_Elem' is ambiguous
C:\Users\USER\Desktop\setPorject\setPorject\setProject.cpp(10,7): message : could be 'Set'
C:\Users\USER\Desktop\setPorject\setPorject\setProject.cpp(10,7): message : or       'char'
C:\Users\USER\Desktop\setPorject\setPorject\setProject.cpp(10,7): message : 'std::basic_ostream<_Elem,_Traits> &std::operator <<(std::basic_ostream<_Elem,_Traits> &,_Elem)': could not deduce template argument for '_Elem' from 'Set'
C:\Program Files\Microsoft Visual Studio\2022\Community\VC\Tools\MSVC\14.37.32822\include\ostream(850,32): message : or       'std::basic_ostream<_Elem,_Traits> &std::operator <<(std::basic_ostream<_Elem,_Traits> &,const _Elem *)'
C:\Users\USER\Desktop\setPorject\setPorject\setProject.cpp(10,7): message : 'std::basic_ostream<_Elem,_Traits> &std::operator <<(std::basic_ostream<_Elem,_Traits> &,const _Elem *)': could not deduce template argument for 'const _Elem *' from 'Set'
C:\Program Files\Microsoft Visual Studio\2022\Community\VC\Tools\MSVC\14.37.32822\include\ostream(812,31): message : or       'std::basic_ostream<char,_Traits> &std::operator <<(std::basic_ostream<char,_Traits> &,char)'
C:\Users\USER\Desktop\setPorject\setPorject\setProject.cpp(10,22): message : 'initializing': cannot convert from 'Set' to 'char'
C:\Users\USER\Desktop\setPorject\setPorject\setProject.cpp(10,22): message : No user-defined-conversion operator available that can perform this conversion, or the operator cannot be called
C:\Program Files\Microsoft Visual Studio\2022\Community\VC\Tools\MSVC\14.37.32822\include\ostream(767,31): message : or       'std::basic_ostream<char,_Traits> &std::operator <<(std::basic_ostream<char,_Traits> &,const char *)'
C:\Users\USER\Desktop\setPorject\setPorject\setProject.cpp(10,22): message : 'initializing': cannot convert from 'Set' to 'const char *'
C:\Users\USER\Desktop\setPorject\setPorject\setProject.cpp(10,22): message : No user-defined-conversion operator available that can perform this conversion, or the operator cannot be called
C:\Program Files\Microsoft Visual Studio\2022\Community\VC\Tools\MSVC\14.37.32822\include\ostream(731,32): message : or       'std::basic_ostream<_Elem,_Traits> &std::operator <<(std::basic_ostream<_Elem,_Traits> &,char)'
C:\Users\USER\Desktop\setPorject\setPorject\setProject.cpp(10,22): message : 'initializing': cannot convert from 'Set' to 'char'
C:\Users\USER\Desktop\setPorject\setPorject\setProject.cpp(10,22): message : No user-defined-conversion operator available that can perform this conversion, or the operator cannot be called
C:\Program Files\Microsoft Visual Studio\2022\Community\VC\Tools\MSVC\14.37.32822\include\ostream(687,32): message : or       'std::basic_ostream<_Elem,_Traits> &std::operator <<(std::basic_ostream<_Elem,_Traits> &,const char *)'
C:\Users\USER\Desktop\setPorject\setPorject\setProject.cpp(10,22): message : 'initializing': cannot convert from 'Set' to 'const char *'
C:\Users\USER\Desktop\setPorject\setPorject\setProject.cpp(10,22): message : No user-defined-conversion operator available that can perform this conversion, or the operator cannot be called
C:\Program Files\Microsoft Visual Studio\2022\Community\VC\Tools\MSVC\14.37.32822\include\memory(3641,32): message : or       'std::basic_ostream<_Elem,_Traits> &std::operator <<(std::basic_ostream<_Elem,_Traits> &,const std::unique_ptr<_Ty2,_Dx2> &)'
C:\Users\USER\Desktop\setPorject\setPorject\setProject.cpp(10,7): message : 'std::basic_ostream<_Elem,_Traits> &std::operator <<(std::basic_ostream<_Elem,_Traits> &,const std::unique_ptr<_Ty2,_Dx2> &)': could not deduce template argument for 'const std::unique_ptr<_Ty2,_Dx2> &' from 'Set'
C:\Program Files\Microsoft Visual Studio\2022\Community\VC\Tools\MSVC\14.37.32822\include\memory(1988,32): message : or       'std::basic_ostream<_Elem,_Traits> &std::operator <<(std::basic_ostream<_Elem,_Traits> &,const std::shared_ptr<_Ty> &)'
C:\Users\USER\Desktop\setPorject\setPorject\setProject.cpp(10,7): message : 'std::basic_ostream<_Elem,_Traits> &std::operator <<(std::basic_ostream<_Elem,_Traits> &,const std::shared_ptr<_Ty> &)': could not deduce template argument for 'const std::shared_ptr<_Ty> &' from 'Set'
C:\Program Files\Microsoft Visual Studio\2022\Community\VC\Tools\MSVC\14.37.32822\include\xstring(5185,32): message : or       'std::basic_ostream<_Elem,_Traits> &std::operator <<(std::basic_ostream<_Elem,_Traits> &,const std::basic_string<_Elem,_Traits,_Alloc> &)'
C:\Users\USER\Desktop\setPorject\setPorject\setProject.cpp(10,7): message : 'std::basic_ostream<_Elem,_Traits> &std::operator <<(std::basic_ostream<_Elem,_Traits> &,const std::basic_string<_Elem,_Traits,_Alloc> &)': could not deduce template argument for 'const std::basic_string<_Elem,_Traits,_Alloc> &' from 'Set'
C:\Users\USER\Desktop\setPorject\setPorject\setProject.cpp(10,7): message : while trying to match the argument list '(std::basic_ostream<char,std::char_traits<char>>, Set)'
  Generating Code...
